{"/Users/user/Desktop/projects/Algos/LinkedList/index.js": {"path":"/Users/user/Desktop/projects/Algos/LinkedList/index.js","statementMap":{"0":{"start":{"line":3,"column":4},"end":{"line":3,"column":21}},"1":{"start":{"line":4,"column":4},"end":{"line":4,"column":21}},"2":{"start":{"line":10,"column":4},"end":{"line":10,"column":21}},"3":{"start":{"line":11,"column":4},"end":{"line":11,"column":18}},"4":{"start":{"line":15,"column":4},"end":{"line":15,"column":42}},"5":{"start":{"line":16,"column":4},"end":{"line":16,"column":16}},"6":{"start":{"line":20,"column":17},"end":{"line":20,"column":19}},"7":{"start":{"line":21,"column":18},"end":{"line":21,"column":27}},"8":{"start":{"line":22,"column":4},"end":{"line":26,"column":5}},"9":{"start":{"line":23,"column":6},"end":{"line":23,"column":45}},"10":{"start":{"line":25,"column":6},"end":{"line":25,"column":29}},"11":{"start":{"line":27,"column":4},"end":{"line":27,"column":34}},"12":{"start":{"line":30,"column":15},"end":{"line":30,"column":29}},"13":{"start":{"line":33,"column":4},"end":{"line":43,"column":5}},"14":{"start":{"line":34,"column":6},"end":{"line":34,"column":23}},"15":{"start":{"line":36,"column":6},"end":{"line":36,"column":26}},"16":{"start":{"line":38,"column":6},"end":{"line":40,"column":7}},"17":{"start":{"line":39,"column":8},"end":{"line":39,"column":31}},"18":{"start":{"line":42,"column":6},"end":{"line":42,"column":26}},"19":{"start":{"line":44,"column":4},"end":{"line":44,"column":16}},"20":{"start":{"line":48,"column":4},"end":{"line":56,"column":5}},"21":{"start":{"line":50,"column":6},"end":{"line":50,"column":28}},"22":{"start":{"line":51,"column":6},"end":{"line":51,"column":13}},"23":{"start":{"line":52,"column":11},"end":{"line":56,"column":5}},"24":{"start":{"line":54,"column":6},"end":{"line":54,"column":29}},"25":{"start":{"line":55,"column":6},"end":{"line":55,"column":13}},"26":{"start":{"line":58,"column":4},"end":{"line":61,"column":5}},"27":{"start":{"line":59,"column":6},"end":{"line":59,"column":44}},"28":{"start":{"line":60,"column":6},"end":{"line":60,"column":13}},"29":{"start":{"line":63,"column":17},"end":{"line":63,"column":31}},"30":{"start":{"line":66,"column":4},"end":{"line":66,"column":24}},"31":{"start":{"line":67,"column":16},"end":{"line":67,"column":17}},"32":{"start":{"line":69,"column":4},"end":{"line":73,"column":5}},"33":{"start":{"line":70,"column":6},"end":{"line":70,"column":25}},"34":{"start":{"line":71,"column":6},"end":{"line":71,"column":14}},"35":{"start":{"line":72,"column":6},"end":{"line":72,"column":29}},"36":{"start":{"line":75,"column":4},"end":{"line":75,"column":24}},"37":{"start":{"line":76,"column":4},"end":{"line":76,"column":25}},"38":{"start":{"line":78,"column":4},"end":{"line":78,"column":16}},"39":{"start":{"line":81,"column":4},"end":{"line":83,"column":5}},"40":{"start":{"line":82,"column":6},"end":{"line":82,"column":18}},"41":{"start":{"line":84,"column":18},"end":{"line":84,"column":27}},"42":{"start":{"line":85,"column":16},"end":{"line":85,"column":17}},"43":{"start":{"line":87,"column":4},"end":{"line":94,"column":5}},"44":{"start":{"line":88,"column":6},"end":{"line":91,"column":7}},"45":{"start":{"line":89,"column":8},"end":{"line":89,"column":34}},"46":{"start":{"line":90,"column":8},"end":{"line":90,"column":23}},"47":{"start":{"line":92,"column":6},"end":{"line":92,"column":14}},"48":{"start":{"line":93,"column":6},"end":{"line":93,"column":29}},"49":{"start":{"line":97,"column":4},"end":{"line":99,"column":5}},"50":{"start":{"line":98,"column":6},"end":{"line":98,"column":18}},"51":{"start":{"line":101,"column":18},"end":{"line":101,"column":27}},"52":{"start":{"line":103,"column":16},"end":{"line":103,"column":17}},"53":{"start":{"line":105,"column":4},"end":{"line":115,"column":5}},"54":{"start":{"line":106,"column":6},"end":{"line":106,"column":31}},"55":{"start":{"line":108,"column":6},"end":{"line":112,"column":7}},"56":{"start":{"line":109,"column":8},"end":{"line":109,"column":16}},"57":{"start":{"line":110,"column":8},"end":{"line":110,"column":27}},"58":{"start":{"line":111,"column":8},"end":{"line":111,"column":31}},"59":{"start":{"line":114,"column":6},"end":{"line":114,"column":35}},"60":{"start":{"line":116,"column":4},"end":{"line":116,"column":16}},"61":{"start":{"line":119,"column":4},"end":{"line":119,"column":21}},"62":{"start":{"line":120,"column":4},"end":{"line":120,"column":18}},"63":{"start":{"line":124,"column":0},"end":{"line":130,"column":2}},"64":{"start":{"line":125,"column":13},"end":{"line":125,"column":29}},"65":{"start":{"line":126,"column":2},"end":{"line":128,"column":3}},"66":{"start":{"line":126,"column":15},"end":{"line":126,"column":32}},"67":{"start":{"line":127,"column":4},"end":{"line":127,"column":30}},"68":{"start":{"line":129,"column":2},"end":{"line":129,"column":12}},"69":{"start":{"line":138,"column":11},"end":{"line":138,"column":27}},"70":{"start":{"line":140,"column":0},"end":{"line":140,"column":20}},"71":{"start":{"line":141,"column":0},"end":{"line":141,"column":20}},"72":{"start":{"line":142,"column":0},"end":{"line":142,"column":20}},"73":{"start":{"line":143,"column":0},"end":{"line":143,"column":19}},"74":{"start":{"line":144,"column":0},"end":{"line":144,"column":21}},"75":{"start":{"line":145,"column":0},"end":{"line":145,"column":12}},"76":{"start":{"line":155,"column":0},"end":{"line":155,"column":28}}},"fnMap":{"0":{"name":"(anonymous_0)","decl":{"start":{"line":2,"column":2},"end":{"line":2,"column":3}},"loc":{"start":{"line":2,"column":33},"end":{"line":5,"column":3}},"line":2},"1":{"name":"(anonymous_1)","decl":{"start":{"line":9,"column":2},"end":{"line":9,"column":3}},"loc":{"start":{"line":9,"column":33},"end":{"line":12,"column":3}},"line":9},"2":{"name":"(anonymous_2)","decl":{"start":{"line":14,"column":2},"end":{"line":14,"column":3}},"loc":{"start":{"line":14,"column":20},"end":{"line":17,"column":3}},"line":14},"3":{"name":"(anonymous_3)","decl":{"start":{"line":19,"column":2},"end":{"line":19,"column":3}},"loc":{"start":{"line":19,"column":18},"end":{"line":28,"column":3}},"line":19},"4":{"name":"(anonymous_4)","decl":{"start":{"line":29,"column":2},"end":{"line":29,"column":3}},"loc":{"start":{"line":29,"column":19},"end":{"line":45,"column":3}},"line":29},"5":{"name":"(anonymous_5)","decl":{"start":{"line":47,"column":2},"end":{"line":47,"column":3}},"loc":{"start":{"line":47,"column":24},"end":{"line":79,"column":3}},"line":47},"6":{"name":"(anonymous_6)","decl":{"start":{"line":80,"column":2},"end":{"line":80,"column":3}},"loc":{"start":{"line":80,"column":15},"end":{"line":95,"column":3}},"line":80},"7":{"name":"(anonymous_7)","decl":{"start":{"line":96,"column":2},"end":{"line":96,"column":3}},"loc":{"start":{"line":96,"column":18},"end":{"line":117,"column":3}},"line":96},"8":{"name":"(anonymous_8)","decl":{"start":{"line":118,"column":2},"end":{"line":118,"column":3}},"loc":{"start":{"line":118,"column":14},"end":{"line":121,"column":3}},"line":118},"9":{"name":"(anonymous_9)","decl":{"start":{"line":124,"column":24},"end":{"line":124,"column":25}},"loc":{"start":{"line":124,"column":39},"end":{"line":130,"column":1}},"line":124}},"branchMap":{"0":{"loc":{"start":{"line":2,"column":20},"end":{"line":2,"column":31}},"type":"default-arg","locations":[{"start":{"line":2,"column":27},"end":{"line":2,"column":31}}],"line":2},"1":{"loc":{"start":{"line":9,"column":20},"end":{"line":9,"column":31}},"type":"default-arg","locations":[{"start":{"line":9,"column":27},"end":{"line":9,"column":31}}],"line":9},"2":{"loc":{"start":{"line":33,"column":4},"end":{"line":43,"column":5}},"type":"if","locations":[{"start":{"line":33,"column":4},"end":{"line":43,"column":5}},{"start":{"line":35,"column":11},"end":{"line":43,"column":5}}],"line":33},"3":{"loc":{"start":{"line":48,"column":4},"end":{"line":56,"column":5}},"type":"if","locations":[{"start":{"line":48,"column":4},"end":{"line":56,"column":5}},{"start":{"line":52,"column":11},"end":{"line":56,"column":5}}],"line":48},"4":{"loc":{"start":{"line":52,"column":11},"end":{"line":56,"column":5}},"type":"if","locations":[{"start":{"line":52,"column":11},"end":{"line":56,"column":5}},{"start":{},"end":{}}],"line":52},"5":{"loc":{"start":{"line":58,"column":4},"end":{"line":61,"column":5}},"type":"if","locations":[{"start":{"line":58,"column":4},"end":{"line":61,"column":5}},{"start":{},"end":{}}],"line":58},"6":{"loc":{"start":{"line":81,"column":4},"end":{"line":83,"column":5}},"type":"if","locations":[{"start":{"line":81,"column":4},"end":{"line":83,"column":5}},{"start":{},"end":{}}],"line":81},"7":{"loc":{"start":{"line":81,"column":8},"end":{"line":81,"column":38}},"type":"binary-expr","locations":[{"start":{"line":81,"column":8},"end":{"line":81,"column":17}},{"start":{"line":81,"column":21},"end":{"line":81,"column":38}}],"line":81},"8":{"loc":{"start":{"line":88,"column":6},"end":{"line":91,"column":7}},"type":"if","locations":[{"start":{"line":88,"column":6},"end":{"line":91,"column":7}},{"start":{},"end":{}}],"line":88},"9":{"loc":{"start":{"line":97,"column":4},"end":{"line":99,"column":5}},"type":"if","locations":[{"start":{"line":97,"column":4},"end":{"line":99,"column":5}},{"start":{},"end":{}}],"line":97},"10":{"loc":{"start":{"line":97,"column":8},"end":{"line":97,"column":38}},"type":"binary-expr","locations":[{"start":{"line":97,"column":8},"end":{"line":97,"column":17}},{"start":{"line":97,"column":21},"end":{"line":97,"column":38}}],"line":97},"11":{"loc":{"start":{"line":105,"column":4},"end":{"line":115,"column":5}},"type":"if","locations":[{"start":{"line":105,"column":4},"end":{"line":115,"column":5}},{"start":{"line":107,"column":11},"end":{"line":115,"column":5}}],"line":105}},"s":{"0":40,"1":40,"2":10,"3":10,"4":36,"5":36,"6":1,"7":1,"8":1,"9":4,"10":4,"11":1,"12":3,"13":3,"14":0,"15":3,"16":3,"17":7,"18":3,"19":3,"20":5,"21":2,"22":2,"23":3,"24":2,"25":2,"26":1,"27":0,"28":0,"29":1,"30":1,"31":1,"32":1,"33":2,"34":2,"35":2,"36":1,"37":1,"38":1,"39":7,"40":2,"41":5,"42":5,"43":5,"44":15,"45":5,"46":5,"47":10,"48":10,"49":0,"50":0,"51":0,"52":0,"53":0,"54":0,"55":0,"56":0,"57":0,"58":0,"59":0,"60":0,"61":0,"62":0,"63":1,"64":8,"65":8,"66":8,"67":29,"68":8,"69":1,"70":1,"71":1,"72":1,"73":1,"74":1,"75":1,"76":1},"f":{"0":40,"1":10,"2":36,"3":1,"4":3,"5":5,"6":7,"7":0,"8":0,"9":8},"b":{"0":[4],"1":[10],"2":[0,3],"3":[2,3],"4":[2,1],"5":[0,1],"6":[2,5],"7":[7,6],"8":[5,10],"9":[0,0],"10":[0,0],"11":[0,0]},"_coverageSchema":"1a1c01bbd47fc00a2c39e90264f33305004495a9","hash":"7a5f8b8306b4f6bd01ba40d5bef3c2e95f15bc9a"}
}
