TN:
SF:index.js
FN:2,(anonymous_0)
FN:9,(anonymous_1)
FN:14,(anonymous_2)
FN:19,(anonymous_3)
FN:29,(anonymous_4)
FN:47,(anonymous_5)
FN:80,(anonymous_6)
FN:96,(anonymous_7)
FN:118,(anonymous_8)
FN:124,(anonymous_9)
FNF:10
FNH:8
FNDA:40,(anonymous_0)
FNDA:10,(anonymous_1)
FNDA:36,(anonymous_2)
FNDA:1,(anonymous_3)
FNDA:3,(anonymous_4)
FNDA:5,(anonymous_5)
FNDA:7,(anonymous_6)
FNDA:0,(anonymous_7)
FNDA:0,(anonymous_8)
FNDA:8,(anonymous_9)
DA:3,40
DA:4,40
DA:10,10
DA:11,10
DA:15,36
DA:16,36
DA:20,1
DA:21,1
DA:22,1
DA:23,4
DA:25,4
DA:27,1
DA:30,3
DA:33,3
DA:34,0
DA:36,3
DA:38,3
DA:39,7
DA:42,3
DA:44,3
DA:48,5
DA:50,2
DA:51,2
DA:52,3
DA:54,2
DA:55,2
DA:58,1
DA:59,0
DA:60,0
DA:63,1
DA:66,1
DA:67,1
DA:69,1
DA:70,2
DA:71,2
DA:72,2
DA:75,1
DA:76,1
DA:78,1
DA:81,7
DA:82,2
DA:84,5
DA:85,5
DA:87,5
DA:88,15
DA:89,5
DA:90,5
DA:92,10
DA:93,10
DA:97,0
DA:98,0
DA:101,0
DA:103,0
DA:105,0
DA:106,0
DA:108,0
DA:109,0
DA:110,0
DA:111,0
DA:114,0
DA:116,0
DA:119,0
DA:120,0
DA:124,1
DA:125,8
DA:126,8
DA:127,29
DA:129,8
DA:138,1
DA:140,1
DA:141,1
DA:142,1
DA:143,1
DA:144,1
DA:145,1
DA:155,1
LF:76
LH:59
BRDA:2,0,0,4
BRDA:9,1,0,10
BRDA:33,2,0,0
BRDA:33,2,1,3
BRDA:48,3,0,2
BRDA:48,3,1,3
BRDA:52,4,0,2
BRDA:52,4,1,1
BRDA:58,5,0,0
BRDA:58,5,1,1
BRDA:81,6,0,2
BRDA:81,6,1,5
BRDA:81,7,0,7
BRDA:81,7,1,6
BRDA:88,8,0,5
BRDA:88,8,1,10
BRDA:97,9,0,0
BRDA:97,9,1,0
BRDA:97,10,0,0
BRDA:97,10,1,0
BRDA:105,11,0,0
BRDA:105,11,1,0
BRF:22
BRH:14
end_of_record
